<?xml version="1.0" encoding="UTF-8"?>
<!-- Generated by org.testng.reporters.JUnitXMLReporter -->
<testsuite ignored="0" hostname="SHYAM_SUNDAR" failures="0" tests="3" name="Default test" time="23.301" errors="0" timestamp="2025-01-18T06:40:22 IST">
  <testcase classname="com.PortTest.test.socialConnections" name="socialConnections" time="7.139"/>
  <testcase classname="com.PortTest.test.DresumeDownload" name="resumeDownload" time="6.924"/>
  <testcase classname="com.PortTest.test.PortFunctions" name="PortFunctions" time="9.212"/>
</testsuite> <!-- Default test -->
